2024-05-13 22:29:32,423 INFO  [main] com.tpe.SpringJwtApplication:Starting SpringJwtApplication using Java 17.0.9 on Dell with PID 20000 (C:\Users\adikb\IdeaProjects\spring-jwt\target\classes started by adikb in C:\Users\adikb\IdeaProjects\spring-jwt)
2024-05-13 22:29:32,426 INFO  [main] com.tpe.SpringJwtApplication:No active profile set, falling back to 1 default profile: "default"
2024-05-13 22:29:33,598 INFO  [main] org.springframework.data.repository.config.RepositoryConfigurationDelegate:Bootstrapping Spring Data JPA repositories in DEFAULT mode.
2024-05-13 22:29:33,667 INFO  [main] org.springframework.data.repository.config.RepositoryConfigurationDelegate:Finished Spring Data repository scanning in 58 ms. Found 2 JPA repository interfaces.
2024-05-13 22:29:34,514 INFO  [main] org.springframework.boot.web.embedded.tomcat.TomcatWebServer:Tomcat initialized with port(s): 8080 (http)
2024-05-13 22:29:34,535 INFO  [main] org.apache.catalina.core.StandardService:Starting service [Tomcat]
2024-05-13 22:29:34,536 INFO  [main] org.apache.catalina.core.StandardEngine:Starting Servlet engine: [Apache Tomcat/9.0.58]
2024-05-13 22:29:34,687 INFO  [main] org.apache.catalina.core.ContainerBase.[Tomcat].[localhost].[/]:Initializing Spring embedded WebApplicationContext
2024-05-13 22:29:34,688 INFO  [main] org.springframework.boot.web.servlet.context.ServletWebServerApplicationContext:Root WebApplicationContext: initialization completed in 2197 ms
2024-05-13 22:29:34,812 WARN  [main] org.springframework.boot.autoconfigure.orm.jpa.JpaBaseConfiguration$JpaWebConfiguration:spring.jpa.open-in-view is enabled by default. Therefore, database queries may be performed during view rendering. Explicitly configure spring.jpa.open-in-view to disable this warning
2024-05-13 22:29:34,972 INFO  [main] org.hibernate.jpa.internal.util.LogHelper:HHH000204: Processing PersistenceUnitInfo [name: default]
2024-05-13 22:29:35,099 INFO  [main] org.hibernate.Version:HHH000412: Hibernate ORM core version 5.6.5.Final
2024-05-13 22:29:35,464 INFO  [main] org.hibernate.annotations.common.Version:HCANN000001: Hibernate Commons Annotations {5.1.2.Final}
2024-05-13 22:29:35,606 INFO  [main] com.zaxxer.hikari.HikariDataSource:HikariPool-1 - Starting...
2024-05-13 22:29:35,957 INFO  [main] com.zaxxer.hikari.HikariDataSource:HikariPool-1 - Start completed.
2024-05-13 22:29:35,988 INFO  [main] org.hibernate.dialect.Dialect:HHH000400: Using dialect: org.hibernate.dialect.PostgreSQLDialect
2024-05-13 22:29:36,944 INFO  [main] org.hibernate.engine.transaction.jta.platform.internal.JtaPlatformInitiator:HHH000490: Using JtaPlatform implementation: [org.hibernate.engine.transaction.jta.platform.internal.NoJtaPlatform]
2024-05-13 22:29:36,951 INFO  [main] org.springframework.orm.jpa.LocalContainerEntityManagerFactoryBean:Initialized JPA EntityManagerFactory for persistence unit 'default'
2024-05-13 22:29:37,595 INFO  [main] org.springframework.security.web.DefaultSecurityFilterChain:Will not secure any request
2024-05-13 22:29:38,206 INFO  [main] org.springframework.boot.web.embedded.tomcat.TomcatWebServer:Tomcat started on port(s): 8080 (http) with context path ''
2024-05-13 22:29:38,217 INFO  [main] com.tpe.SpringJwtApplication:Started SpringJwtApplication in 6.281 seconds (JVM running for 6.895)
2024-05-13 23:17:39,782 INFO  [SpringApplicationShutdownHook] org.springframework.orm.jpa.LocalContainerEntityManagerFactoryBean:Closing JPA EntityManagerFactory for persistence unit 'default'
2024-05-13 23:17:39,783 INFO  [SpringApplicationShutdownHook] com.zaxxer.hikari.HikariDataSource:HikariPool-1 - Shutdown initiated...
2024-05-13 23:17:39,785 INFO  [SpringApplicationShutdownHook] com.zaxxer.hikari.HikariDataSource:HikariPool-1 - Shutdown completed.
